c:\users\g3\desktop\project_grocery\project_grocery\x64\debug\vc143.pdb
c:\users\g3\desktop\project_grocery\project_grocery\x64\debug\vc143.idb
c:\users\g3\desktop\project_grocery\project_grocery\x64\debug\source.obj
c:\users\g3\desktop\project_grocery (2)\project_grocery\x64\debug\vc143.pdb
c:\users\g3\desktop\project_grocery (2)\project_grocery\x64\debug\vc143.idb
c:\users\g3\desktop\project_grocery (2)\project_grocery\x64\debug\source.obj
c:\users\g3\desktop\i21-1222_c\project_grocery (2)\project_grocery\x64\debug\vc143.pdb
c:\users\g3\desktop\i21-1222_c\project_grocery (2)\project_grocery\x64\debug\vc143.idb
c:\users\g3\desktop\i21-1222_c\project_grocery (2)\project_grocery\x64\debug\source.obj
c:\users\g3\desktop\project_grocery\x64\debug\project_grocery.exe
c:\users\g3\desktop\project_grocery\project_grocery\x64\debug\project_grocery.ilk
c:\users\g3\desktop\project_grocery\x64\debug\project_grocery.pdb
c:\users\g3\desktop\project_grocery (2)\x64\debug\project_grocery.exe
c:\users\g3\desktop\project_grocery (2)\project_grocery\x64\debug\project_grocery.ilk
c:\users\g3\desktop\project_grocery (2)\x64\debug\project_grocery.pdb
c:\users\g3\desktop\i21-1222_c\project_grocery (2)\x64\debug\project_grocery.exe
c:\users\g3\desktop\i21-1222_c\project_grocery (2)\project_grocery\x64\debug\project_grocery.ilk
c:\users\g3\desktop\i21-1222_c\project_grocery (2)\x64\debug\project_grocery.pdb
c:\users\g3\desktop\i21-1222_c\project_grocery (2)\project_grocery\x64\debug\project_grocery.tlog\cl.command.1.tlog
c:\users\g3\desktop\i21-1222_c\project_grocery (2)\project_grocery\x64\debug\project_grocery.tlog\cl.read.1.tlog
c:\users\g3\desktop\i21-1222_c\project_grocery (2)\project_grocery\x64\debug\project_grocery.tlog\cl.write.1.tlog
c:\users\g3\desktop\i21-1222_c\project_grocery (2)\project_grocery\x64\debug\project_grocery.tlog\link.command.1.tlog
c:\users\g3\desktop\i21-1222_c\project_grocery (2)\project_grocery\x64\debug\project_grocery.tlog\link.read.1.tlog
c:\users\g3\desktop\i21-1222_c\project_grocery (2)\project_grocery\x64\debug\project_grocery.tlog\link.write.1.tlog
